TN:
SF:script/Deploy.s.sol
FN:9,DeployScript.run
FNDA:17,DeployScript.run
DA:10,17
DA:11,17
DA:12,17
DA:13,17
FNF:1
FNH:1
LF:4
LH:4
BRF:0
BRH:0
end_of_record
TN:
SF:src/Bridge.sol
FN:72,Bridge.lock
FNDA:11,Bridge.lock
DA:76,8
DA:77,8
DA:78,8
DA:80,8
DA:81,8
BRDA:81,0,0,-
BRDA:81,0,1,1
DA:82,1
DA:83,1
DA:85,7
DA:89,7
DA:92,8
FN:95,Bridge.release
FNDA:8,Bridge.release
DA:99,4
DA:100,4
DA:101,4
DA:102,4
DA:103,4
DA:105,4
DA:106,4
DA:108,4
DA:109,4
BRDA:109,1,0,1
BRDA:109,1,1,3
DA:110,1
DA:113,3
DA:115,3
DA:116,3
DA:120,3
FN:123,Bridge.mint
FNDA:13,Bridge.mint
DA:127,9
DA:128,9
DA:129,9
DA:130,9
DA:131,9
DA:133,9
DA:134,9
DA:136,9
DA:137,9
BRDA:137,2,0,1
BRDA:137,2,1,8
DA:138,1
DA:141,8
DA:143,8
DA:144,8
BRDA:144,3,0,8
BRDA:144,3,1,8
DA:145,8
DA:146,8
DA:149,8
DA:150,8
DA:152,8
FN:155,Bridge.burn
FNDA:5,Bridge.burn
DA:156,3
DA:158,3
DA:159,3
DA:161,3
FN:164,Bridge._wrapToken
FNDA:8,Bridge._wrapToken
DA:165,8
DA:166,8
DA:167,8
DA:168,8
DA:169,8
FNF:5
FNH:5
LF:51
LH:51
BRF:8
BRH:7
end_of_record
TN:
SF:src/BridgeCoin.sol
FN:9,BridgeCoin.mint
FNDA:17,BridgeCoin.mint
DA:10,17
FNF:1
FNH:1
LF:1
LH:1
BRF:0
BRH:0
end_of_record
TN:
SF:src/WERC.sol
FN:10,WERC20.mint
FNDA:8,WERC20.mint
DA:11,8
FN:14,WERC20.burn
FNDA:4,WERC20.burn
DA:15,4
FNF:2
FNH:2
LF:2
LH:2
BRF:0
BRH:0
end_of_record
