TN:
SF:script/Deploy.s.sol
FN:9,DeployScript.run
FNDA:17,DeployScript.run
DA:10,17
DA:11,17
DA:12,17
DA:13,17
FNF:1
FNH:1
LF:4
LH:4
BRF:0
BRH:0
end_of_record
TN:
SF:src/Bridge.sol
FN:73,Bridge.lock
FNDA:11,Bridge.lock
DA:77,8
DA:78,8
DA:79,8
DA:81,8
DA:82,8
BRDA:82,0,0,-
BRDA:82,0,1,1
DA:83,1
DA:84,1
DA:85,1
DA:87,7
DA:89,7
BRDA:89,1,0,-
BRDA:89,1,1,7
DA:91,7
DA:94,8
FN:97,Bridge.release
FNDA:8,Bridge.release
DA:101,4
DA:102,4
DA:103,4
DA:104,4
DA:105,4
DA:107,4
DA:108,4
DA:110,4
DA:111,4
BRDA:111,2,0,1
BRDA:111,2,1,3
DA:112,1
DA:115,3
DA:117,3
DA:118,3
DA:120,3
BRDA:120,3,0,-
BRDA:120,3,1,3
DA:122,3
FN:125,Bridge.mint
FNDA:13,Bridge.mint
DA:129,9
DA:130,9
DA:131,9
DA:132,9
DA:133,9
DA:134,9
DA:136,9
DA:137,9
DA:139,9
DA:140,9
BRDA:140,4,0,1
BRDA:140,4,1,8
DA:141,1
DA:144,8
DA:146,8
DA:147,8
BRDA:147,5,0,8
BRDA:147,5,1,8
DA:148,8
DA:149,8
DA:152,8
DA:153,8
DA:155,8
FN:158,Bridge.burn
FNDA:5,Bridge.burn
DA:159,3
DA:161,3
DA:162,3
DA:164,3
FN:167,Bridge._wrapToken
FNDA:8,Bridge._wrapToken
DA:168,8
DA:169,8
DA:171,8
DA:172,8
DA:173,8
DA:174,8
FNF:5
FNH:5
LF:56
LH:56
BRF:12
BRH:9
end_of_record
TN:
SF:src/BridgeCoin.sol
FN:9,BridgeCoin.mint
FNDA:17,BridgeCoin.mint
DA:10,17
FNF:1
FNH:1
LF:1
LH:1
BRF:0
BRH:0
end_of_record
TN:
SF:src/WERC.sol
FN:17,WERC20.mint
FNDA:8,WERC20.mint
DA:18,8
FN:21,WERC20.burn
FNDA:4,WERC20.burn
DA:22,4
FNF:2
FNH:2
LF:2
LH:2
BRF:0
BRH:0
end_of_record
